# JRE version: Java(TM) SE Runtime Environment 18.9 (11.0.17+10) (build 11.0.17+10-LTS-269)
# Java VM: Java HotSpot(TM) 64-Bit Server VM 18.9 (11.0.17+10-LTS-269, mixed mode, tiered, compressed oops, g1 gc, windows-amd64)
Heap:
 garbage-first heap   total 61440K, used 36639K [0x00000000c4000000, 0x0000000100000000)
  region size 1024K, 25 young (25600K), 2 survivors (2048K)
 Metaspace       used 27577K, capacity 28243K, committed 28544K, reserved 1075200K
  class space    used 3079K, capacity 3338K, committed 3456K, reserved 1048576K
GC Heap History (10 events):
Event: 3.823 GC heap before
{Heap before GC invocations=4 (full 0):
 garbage-first heap   total 61440K, used 13577K [0x00000000c4000000, 0x0000000100000000)
  region size 1024K, 6 young (6144K), 2 survivors (2048K)
 Metaspace       used 20617K, capacity 21099K, committed 21248K, reserved 1069056K
  class space    used 2246K, capacity 2455K, committed 2560K, reserved 1048576K
}
Event: 3.829 GC heap after
{Heap after GC invocations=5 (full 0):
 garbage-first heap   total 61440K, used 10785K [0x00000000c4000000, 0x0000000100000000)
  region size 1024K, 3 young (3072K), 3 survivors (3072K)
 Metaspace       used 20617K, capacity 21099K, committed 21248K, reserved 1069056K
  class space    used 2246K, capacity 2455K, committed 2560K, reserved 1048576K
}
Event: 4.285 GC heap before
{Heap before GC invocations=6 (full 0):
 garbage-first heap   total 61440K, used 29217K [0x00000000c4000000, 0x0000000100000000)
  region size 1024K, 22 young (22528K), 3 survivors (3072K)
 Metaspace       used 23383K, capacity 23975K, committed 24192K, reserved 1071104K
  class space    used 2614K, capacity 2841K, committed 2944K, reserved 1048576K
}
Event: 4.289 GC heap after
{Heap after GC invocations=7 (full 0):
 garbage-first heap   total 61440K, used 11473K [0x00000000c4000000, 0x0000000100000000)
  region size 1024K, 2 young (2048K), 2 survivors (2048K)
 Metaspace       used 23383K, capacity 23975K, committed 24192K, reserved 1071104K
  class space    used 2614K, capacity 2841K, committed 2944K, reserved 1048576K
}
Event: 5.018 GC heap before
{Heap before GC invocations=7 (full 0):
 garbage-first heap   total 61440K, used 32977K [0x00000000c4000000, 0x0000000100000000)
  region size 1024K, 23 young (23552K), 2 survivors (2048K)
 Metaspace       used 23952K, capacity 24560K, committed 24704K, reserved 1071104K
  class space    used 2658K, capacity 2884K, committed 2944K, reserved 1048576K
}
Event: 5.023 GC heap after
{Heap after GC invocations=8 (full 0):
 garbage-first heap   total 61440K, used 12345K [0x00000000c4000000, 0x0000000100000000)
  region size 1024K, 2 young (2048K), 2 survivors (2048K)
 Metaspace       used 23952K, capacity 24560K, committed 24704K, reserved 1071104K
  class space    used 2658K, capacity 2884K, committed 2944K, reserved 1048576K
}
Event: 5.385 GC heap before
{Heap before GC invocations=8 (full 0):
 garbage-first heap   total 61440K, used 34873K [0x00000000c4000000, 0x0000000100000000)
  region size 1024K, 24 young (24576K), 2 survivors (2048K)
 Metaspace       used 24464K, capacity 25104K, committed 25344K, reserved 1071104K
  class space    used 2697K, capacity 2960K, committed 3072K, reserved 1048576K
}
Event: 5.388 GC heap after
{Heap after GC invocations=9 (full 0):
 garbage-first heap   total 61440K, used 13329K [0x00000000c4000000, 0x0000000100000000)
  region size 1024K, 2 young (2048K), 2 survivors (2048K)
 Metaspace       used 24464K, capacity 25104K, committed 25344K, reserved 1071104K
  class space    used 2697K, capacity 2960K, committed 3072K, reserved 1048576K
}
Event: 5.961 GC heap before
{Heap before GC invocations=9 (full 0):
 garbage-first heap   total 61440K, used 35857K [0x00000000c4000000, 0x0000000100000000)
  region size 1024K, 24 young (24576K), 2 survivors (2048K)
 Metaspace       used 26283K, capacity 26930K, committed 27008K, reserved 1073152K
  class space    used 2911K, capacity 3184K, committed 3200K, reserved 1048576K
}
Event: 5.965 GC heap after
{Heap after GC invocations=10 (full 0):
 garbage-first heap   total 61440K, used 14111K [0x00000000c4000000, 0x0000000100000000)
  region size 1024K, 2 young (2048K), 2 survivors (2048K)
 Metaspace       used 26283K, capacity 26930K, committed 27008K, reserved 1073152K
  class space    used 2911K, capacity 3184K, committed 3200K, reserved 1048576K
}

