# JRE version: Java(TM) SE Runtime Environment 18.9 (11.0.17+10) (build 11.0.17+10-LTS-269)
# Java VM: Java HotSpot(TM) 64-Bit Server VM 18.9 (11.0.17+10-LTS-269, mixed mode, tiered, compressed oops, g1 gc, windows-amd64)
Heap:
 garbage-first heap   total 61440K, used 36671K [0x00000000c4000000, 0x0000000100000000)
  region size 1024K, 27 young (27648K), 4 survivors (4096K)
 Metaspace       used 27390K, capacity 28073K, committed 28336K, reserved 1075200K
  class space    used 3039K, capacity 3303K, committed 3328K, reserved 1048576K
GC Heap History (10 events):
Event: 3.865 GC heap before
{Heap before GC invocations=3 (full 0):
 garbage-first heap   total 61440K, used 29205K [0x00000000c4000000, 0x0000000100000000)
  region size 1024K, 22 young (22528K), 2 survivors (2048K)
 Metaspace       used 19305K, capacity 19776K, committed 19968K, reserved 1067008K
  class space    used 2096K, capacity 2291K, committed 2304K, reserved 1048576K
}
Event: 3.901 GC heap after
{Heap after GC invocations=4 (full 0):
 garbage-first heap   total 61440K, used 10701K [0x00000000c4000000, 0x0000000100000000)
  region size 1024K, 3 young (3072K), 3 survivors (3072K)
 Metaspace       used 19305K, capacity 19776K, committed 19968K, reserved 1067008K
  class space    used 2096K, capacity 2291K, committed 2304K, reserved 1048576K
}
Event: 4.105 GC heap before
{Heap before GC invocations=4 (full 0):
 garbage-first heap   total 61440K, used 15821K [0x00000000c4000000, 0x0000000100000000)
  region size 1024K, 10 young (10240K), 3 survivors (3072K)
 Metaspace       used 20700K, capacity 21150K, committed 21296K, reserved 1069056K
  class space    used 2250K, capacity 2430K, committed 2432K, reserved 1048576K
}
Event: 4.108 GC heap after
{Heap after GC invocations=5 (full 0):
 garbage-first heap   total 61440K, used 10914K [0x00000000c4000000, 0x0000000100000000)
  region size 1024K, 3 young (3072K), 3 survivors (3072K)
 Metaspace       used 20700K, capacity 21150K, committed 21296K, reserved 1069056K
  class space    used 2250K, capacity 2430K, committed 2432K, reserved 1048576K
}
Event: 5.413 GC heap before
{Heap before GC invocations=6 (full 0):
 garbage-first heap   total 61440K, used 35490K [0x00000000c4000000, 0x0000000100000000)
  region size 1024K, 27 young (27648K), 3 survivors (3072K)
 Metaspace       used 23677K, capacity 24303K, committed 24624K, reserved 1071104K
  class space    used 2625K, capacity 2842K, committed 2944K, reserved 1048576K
}
Event: 5.418 GC heap after
{Heap after GC invocations=7 (full 0):
 garbage-first heap   total 61440K, used 11828K [0x00000000c4000000, 0x0000000100000000)
  region size 1024K, 3 young (3072K), 3 survivors (3072K)
 Metaspace       used 23677K, capacity 24303K, committed 24624K, reserved 1071104K
  class space    used 2625K, capacity 2842K, committed 2944K, reserved 1048576K
}
Event: 7.137 GC heap before
{Heap before GC invocations=7 (full 0):
 garbage-first heap   total 61440K, used 40500K [0x00000000c4000000, 0x0000000100000000)
  region size 1024K, 31 young (31744K), 3 survivors (3072K)
 Metaspace       used 24079K, capacity 24689K, committed 24880K, reserved 1071104K
  class space    used 2655K, capacity 2884K, committed 2944K, reserved 1048576K
}
Event: 7.144 GC heap after
{Heap after GC invocations=8 (full 0):
 garbage-first heap   total 61440K, used 12918K [0x00000000c4000000, 0x0000000100000000)
  region size 1024K, 4 young (4096K), 4 survivors (4096K)
 Metaspace       used 24079K, capacity 24689K, committed 24880K, reserved 1071104K
  class space    used 2655K, capacity 2884K, committed 2944K, reserved 1048576K
}
Event: 8.846 GC heap before
{Heap before GC invocations=8 (full 0):
 garbage-first heap   total 61440K, used 43638K [0x00000000c4000000, 0x0000000100000000)
  region size 1024K, 34 young (34816K), 4 survivors (4096K)
 Metaspace       used 26114K, capacity 26812K, committed 26928K, reserved 1073152K
  class space    used 2883K, capacity 3143K, committed 3200K, reserved 1048576K
}
Event: 8.854 GC heap after
{Heap after GC invocations=9 (full 0):
 garbage-first heap   total 61440K, used 14143K [0x00000000c4000000, 0x0000000100000000)
  region size 1024K, 4 young (4096K), 4 survivors (4096K)
 Metaspace       used 26114K, capacity 26812K, committed 26928K, reserved 1073152K
  class space    used 2883K, capacity 3143K, committed 3200K, reserved 1048576K
}

